<?xml version="1.0" encoding="UTF-8"?>
<testng-results ignored="0" total="1" passed="1" failed="0" skipped="0">
  <reporter-output>
  </reporter-output>
  <suite started-at="2024-03-07T14:17:15 IST" name="Default suite" finished-at="2024-03-07T14:17:18 IST" duration-ms="2285">
    <groups>
    </groups>
    <test started-at="2024-03-07T14:17:15 IST" name="Default test" finished-at="2024-03-07T14:17:18 IST" duration-ms="2285">
      <class name="GetAPIRequest.Tests_Get">
        <test-method signature="getEmail()[pri:0, instance:GetAPIRequest.Tests_Get@51f116b8]" started-at="2024-03-07T14:17:15 IST" name="getEmail" finished-at="2024-03-07T14:17:18 IST" duration-ms="2251" status="PASS">
          <reporter-output>
          </reporter-output>
        </test-method> <!-- getEmail -->
      </class> <!-- GetAPIRequest.Tests_Get -->
    </test> <!-- Default test -->
  </suite> <!-- Default suite -->
</testng-results>
