<?xml version="1.0" encoding="UTF-8"?>
<testng-results ignored="0" total="1" passed="1" failed="0" skipped="0">
  <reporter-output>
  </reporter-output>
  <suite started-at="2024-04-01T17:49:03 IST" name="Default suite" finished-at="2024-04-01T17:49:05 IST" duration-ms="1862">
    <groups>
    </groups>
    <test started-at="2024-04-01T17:49:03 IST" name="Default test" finished-at="2024-04-01T17:49:05 IST" duration-ms="1862">
      <class name="GetAPIRequest.Tests_Get_SingleUSer">
        <test-method signature="getSingleEmail()[pri:0, instance:GetAPIRequest.Tests_Get_SingleUSer@1f97cf0d]" started-at="2024-04-01T17:49:03 IST" name="getSingleEmail" finished-at="2024-04-01T17:49:05 IST" duration-ms="1828" status="PASS">
          <reporter-output>
          </reporter-output>
        </test-method> <!-- getSingleEmail -->
      </class> <!-- GetAPIRequest.Tests_Get_SingleUSer -->
    </test> <!-- Default test -->
  </suite> <!-- Default suite -->
</testng-results>
